(c) Copyright IBM Corporation 1993,2007
Command Line Processor for DB2 Client 11.5.4.0

You can issue database manager commands and SQL statements from the command 
prompt. For example:
    db2 => connect to sample
    db2 => bind sample.bnd

For general help, type: ?.
For command help, type: ? command, where command can be
the first few keywords of a database manager command. For example:
 ? CATALOG DATABASE for help on the CATALOG DATABASE command
 ? CATALOG          for help on all of the CATALOG commands.

To exit db2 interactive mode, type QUIT at the command prompt. Outside 
interactive mode, all commands must be prefixed with 'db2'.
To list the current command option settings, type LIST COMMAND OPTIONS.

For more detailed help, refer to the Online Reference Manual.

db2 => db2 => db2 => db2 => db2 => CONNECT TO cs421

   Database Connection Information

 Database server        = DB2/LINUXX8664 11.5.4.0
 SQL authorization ID   = HLIU119
 Local database alias   = CS421


db2 => db2 => db2 => db2 => db2 => db2 => db2 => DROP TABLE Mothers
DB20000I  The SQL command completed successfully.

db2 => DROP TABLE Fathers
DB20000I  The SQL command completed successfully.

db2 => DROP TABLE Couples
DB20000I  The SQL command completed successfully.

db2 => DROP TABLE Healthcare_Institutions
DB20000I  The SQL command completed successfully.

db2 => DROP TABLE Community_Clinics
DB20000I  The SQL command completed successfully.

db2 => DROP TABLE Birthing_Centers
DB20000I  The SQL command completed successfully.

db2 => DROP TABLE Midwives
DB20000I  The SQL command completed successfully.

db2 => DROP TABLE Pregnancies
DB20000I  The SQL command completed successfully.

db2 => DROP TABLE Babies
DB20000I  The SQL command completed successfully.

db2 => DROP TABLE Info_Sessions
DB20000I  The SQL command completed successfully.

db2 => DROP TABLE invites
DB20000I  The SQL command completed successfully.

db2 => DROP TABLE registers
DB20000I  The SQL command completed successfully.

db2 => DROP TABLE attends
DB20000I  The SQL command completed successfully.

db2 => DROP TABLE Appointments
DB20000I  The SQL command completed successfully.

db2 => DROP TABLE Notes
DB20000I  The SQL command completed successfully.

db2 => DROP TABLE Technicians
DB20000I  The SQL command completed successfully.

db2 => DROP TABLE Tests
DB20000I  The SQL command completed successfully.

db2 => DROP TABLE Dating_Ultrasounds
DB20000I  The SQL command completed successfully.

db2 => DROP TABLE estimates
DB20000I  The SQL command completed successfully.

db2 => db2 => 